03-03 17:02:37 com_github_MitjaNemec_PlaceFootprints.action_place_footprints 641:Plugin executed on: 'win32'
03-03 17:02:37 com_github_MitjaNemec_PlaceFootprints.action_place_footprints 642:Plugin executed with python version: '3.9.14 (main, Feb 13 2023, 04:48:26) [MSC v.1934 64 bit (AMD64)]'
03-03 17:02:37 com_github_MitjaNemec_PlaceFootprints.action_place_footprints 643:KiCad build version: 7.0.1
03-03 17:02:37 com_github_MitjaNemec_PlaceFootprints.action_place_footprints 644:Plugin version: 2.1.2
03-03 17:02:37 com_github_MitjaNemec_PlaceFootprints.action_place_footprints 645:Frame repr: <wx._core.Frame object at 0x000002AE0A56CAF0>
03-03 17:02:37 com_github_MitjaNemec_PlaceFootprints.place_footprints 121:getting a list of all footprints on board
03-03 17:02:37 com_github_MitjaNemec_PlaceFootprints.place_footprints 156:Footprint J1 on root level
03-03 17:02:37 com_github_MitjaNemec_PlaceFootprints.place_footprints 156:Footprint H12 on root level
03-03 17:02:37 com_github_MitjaNemec_PlaceFootprints.place_footprints 156:Footprint H9 on root level
03-03 17:02:37 com_github_MitjaNemec_PlaceFootprints.place_footprints 156:Footprint CN2 on root level
03-03 17:02:37 com_github_MitjaNemec_PlaceFootprints.place_footprints 156:Footprint H4 on root level
03-03 17:02:37 com_github_MitjaNemec_PlaceFootprints.place_footprints 156:Footprint H11 on root level
03-03 17:02:37 com_github_MitjaNemec_PlaceFootprints.place_footprints 156:Footprint CN1 on root level
03-03 17:02:37 com_github_MitjaNemec_PlaceFootprints.place_footprints 156:Footprint CN5 on root level
03-03 17:02:37 com_github_MitjaNemec_PlaceFootprints.place_footprints 156:Footprint CN3 on root level
03-03 17:02:37 com_github_MitjaNemec_PlaceFootprints.place_footprints 156:Footprint CN4 on root level
03-03 17:02:37 com_github_MitjaNemec_PlaceFootprints.place_footprints 156:Footprint CN8 on root level
03-03 17:02:37 com_github_MitjaNemec_PlaceFootprints.place_footprints 156:Footprint CN7 on root level
03-03 17:02:37 com_github_MitjaNemec_PlaceFootprints.place_footprints 156:Footprint H8 on root level
03-03 17:02:37 com_github_MitjaNemec_PlaceFootprints.place_footprints 156:Footprint H10 on root level
03-03 17:02:37 com_github_MitjaNemec_PlaceFootprints.place_footprints 156:Footprint CN9 on root level
03-03 17:02:37 com_github_MitjaNemec_PlaceFootprints.place_footprints 156:Footprint CN10 on root level
03-03 17:02:37 com_github_MitjaNemec_PlaceFootprints.place_footprints 156:Footprint CN6 on root level
03-03 17:02:37 com_github_MitjaNemec_PlaceFootprints.place_footprints 156:Footprint H7 on root level
03-03 17:02:37 com_github_MitjaNemec_PlaceFootprints.place_footprints 156:Footprint H3 on root level
03-03 17:02:37 com_github_MitjaNemec_PlaceFootprints.place_footprints 156:Footprint H1 on root level
03-03 17:02:37 com_github_MitjaNemec_PlaceFootprints.place_footprints 156:Footprint H5 on root level
03-03 17:02:37 com_github_MitjaNemec_PlaceFootprints.place_footprints 156:Footprint H6 on root level
03-03 17:02:37 com_github_MitjaNemec_PlaceFootprints.place_footprints 156:Footprint H2 on root level
